  [1m[36m (150.9ms)[0m  [1mCREATE TABLE "schema_migrations" ("version" varchar NOT NULL) [0m
  [1m[35m (0.3ms)[0m  select sqlite_version(*)
  [1m[36m (397.3ms)[0m  [1mCREATE UNIQUE INDEX "unique_schema_migrations" ON "schema_migrations" ("version")[0m
  [1m[35mActiveRecord::SchemaMigration Load (0.2ms)[0m  SELECT "schema_migrations".* FROM "schema_migrations"
  [1m[36mActiveRecord::SchemaMigration Load (0.1ms)[0m  [1mSELECT "schema_migrations".* FROM "schema_migrations"[0m
Migrating to CreateRestaurants (20160516181907)
  [1m[35m (0.1ms)[0m  begin transaction
  [1m[36m (0.5ms)[0m  [1mCREATE TABLE "restaurants" ("id" INTEGER PRIMARY KEY AUTOINCREMENT NOT NULL, "name" varchar, "street" varchar, "city" varchar, "state" varchar, "country" varchar, "postal_code" varchar, "created_at" datetime NOT NULL, "updated_at" datetime NOT NULL) [0m
  [1m[35mSQL (0.5ms)[0m  INSERT INTO "schema_migrations" ("version") VALUES (?)  [["version", "20160516181907"]]
  [1m[36m (154.6ms)[0m  [1mcommit transaction[0m
  [1m[35mActiveRecord::SchemaMigration Load (0.3ms)[0m  SELECT "schema_migrations".* FROM "schema_migrations"


Started GET "/restaurants" for 127.0.0.1 at 2016-05-16 14:30:25 -0400
  [1m[36mActiveRecord::SchemaMigration Load (0.2ms)[0m  [1mSELECT "schema_migrations".* FROM "schema_migrations"[0m

ActionController::RoutingError (No route matches [GET] "/restaurants"):
  actionpack (4.2.6) lib/action_dispatch/middleware/debug_exceptions.rb:21:in `call'
  web-console (2.3.0) lib/web_console/middleware.rb:28:in `block in call'
  web-console (2.3.0) lib/web_console/middleware.rb:18:in `catch'
  web-console (2.3.0) lib/web_console/middleware.rb:18:in `call'
  actionpack (4.2.6) lib/action_dispatch/middleware/show_exceptions.rb:30:in `call'
  railties (4.2.6) lib/rails/rack/logger.rb:38:in `call_app'
  railties (4.2.6) lib/rails/rack/logger.rb:20:in `block in call'
  activesupport (4.2.6) lib/active_support/tagged_logging.rb:68:in `block in tagged'
  activesupport (4.2.6) lib/active_support/tagged_logging.rb:26:in `tagged'
  activesupport (4.2.6) lib/active_support/tagged_logging.rb:68:in `tagged'
  railties (4.2.6) lib/rails/rack/logger.rb:20:in `call'
  actionpack (4.2.6) lib/action_dispatch/middleware/request_id.rb:21:in `call'
  rack (1.6.4) lib/rack/methodoverride.rb:22:in `call'
  rack (1.6.4) lib/rack/runtime.rb:18:in `call'
  activesupport (4.2.6) lib/active_support/cache/strategy/local_cache_middleware.rb:28:in `call'
  rack (1.6.4) lib/rack/lock.rb:17:in `call'
  actionpack (4.2.6) lib/action_dispatch/middleware/static.rb:120:in `call'
  rack (1.6.4) lib/rack/sendfile.rb:113:in `call'
  railties (4.2.6) lib/rails/engine.rb:518:in `call'
  railties (4.2.6) lib/rails/application.rb:165:in `call'
  rack (1.6.4) lib/rack/lock.rb:17:in `call'
  rack (1.6.4) lib/rack/content_length.rb:15:in `call'
  rack (1.6.4) lib/rack/handler/webrick.rb:88:in `service'
  /home/dave/.rvm/rubies/ruby-2.2.1/lib/ruby/2.2.0/webrick/httpserver.rb:138:in `service'
  /home/dave/.rvm/rubies/ruby-2.2.1/lib/ruby/2.2.0/webrick/httpserver.rb:94:in `run'
  /home/dave/.rvm/rubies/ruby-2.2.1/lib/ruby/2.2.0/webrick/server.rb:294:in `block in start_thread'


  Rendered /home/dave/.rvm/gems/ruby-2.2.1/gems/actionpack-4.2.6/lib/action_dispatch/middleware/templates/rescues/_trace.html.erb (2.3ms)
  Rendered /home/dave/.rvm/gems/ruby-2.2.1/gems/actionpack-4.2.6/lib/action_dispatch/middleware/templates/routes/_table.html.erb (24.6ms)
  Rendered /home/dave/.rvm/gems/ruby-2.2.1/gems/actionpack-4.2.6/lib/action_dispatch/middleware/templates/rescues/_request_and_response.html.erb (22.0ms)
  Rendered /home/dave/.rvm/gems/ruby-2.2.1/gems/actionpack-4.2.6/lib/action_dispatch/middleware/templates/rescues/routing_error.html.erb within rescues/layout (84.9ms)
  Rendered /home/dave/.rvm/gems/ruby-2.2.1/gems/web-console-2.3.0/lib/web_console/templates/_markup.html.erb (0.5ms)
  Rendered /home/dave/.rvm/gems/ruby-2.2.1/gems/web-console-2.3.0/lib/web_console/templates/_inner_console_markup.html.erb within layouts/inlined_string (0.4ms)
  Rendered /home/dave/.rvm/gems/ruby-2.2.1/gems/web-console-2.3.0/lib/web_console/templates/_prompt_box_markup.html.erb within layouts/inlined_string (0.4ms)
  Rendered /home/dave/.rvm/gems/ruby-2.2.1/gems/web-console-2.3.0/lib/web_console/templates/style.css.erb within layouts/inlined_string (0.5ms)
  Rendered /home/dave/.rvm/gems/ruby-2.2.1/gems/web-console-2.3.0/lib/web_console/templates/console.js.erb within layouts/javascript (72.2ms)
  Rendered /home/dave/.rvm/gems/ruby-2.2.1/gems/web-console-2.3.0/lib/web_console/templates/main.js.erb within layouts/javascript (0.5ms)
  Rendered /home/dave/.rvm/gems/ruby-2.2.1/gems/web-console-2.3.0/lib/web_console/templates/error_page.js.erb within layouts/javascript (0.8ms)
  Rendered /home/dave/.rvm/gems/ruby-2.2.1/gems/web-console-2.3.0/lib/web_console/templates/index.html.erb (98.6ms)


Started GET "/restaurants" for 127.0.0.1 at 2016-05-16 14:32:05 -0400

ActionController::RoutingError (uninitialized constant RestaurantsController):
  activesupport (4.2.6) lib/active_support/inflector/methods.rb:261:in `const_get'
  activesupport (4.2.6) lib/active_support/inflector/methods.rb:261:in `block in constantize'
  activesupport (4.2.6) lib/active_support/inflector/methods.rb:259:in `each'
  activesupport (4.2.6) lib/active_support/inflector/methods.rb:259:in `inject'
  activesupport (4.2.6) lib/active_support/inflector/methods.rb:259:in `constantize'
  actionpack (4.2.6) lib/action_dispatch/routing/route_set.rb:70:in `controller_reference'
  actionpack (4.2.6) lib/action_dispatch/routing/route_set.rb:60:in `controller'
  actionpack (4.2.6) lib/action_dispatch/routing/route_set.rb:39:in `serve'
  actionpack (4.2.6) lib/action_dispatch/journey/router.rb:43:in `block in serve'
  actionpack (4.2.6) lib/action_dispatch/journey/router.rb:30:in `each'
  actionpack (4.2.6) lib/action_dispatch/journey/router.rb:30:in `serve'
  actionpack (4.2.6) lib/action_dispatch/routing/route_set.rb:817:in `call'
  rack (1.6.4) lib/rack/etag.rb:24:in `call'
  rack (1.6.4) lib/rack/conditionalget.rb:25:in `call'
  rack (1.6.4) lib/rack/head.rb:13:in `call'
  actionpack (4.2.6) lib/action_dispatch/middleware/params_parser.rb:27:in `call'
  actionpack (4.2.6) lib/action_dispatch/middleware/flash.rb:260:in `call'
  rack (1.6.4) lib/rack/session/abstract/id.rb:225:in `context'
  rack (1.6.4) lib/rack/session/abstract/id.rb:220:in `call'
  actionpack (4.2.6) lib/action_dispatch/middleware/cookies.rb:560:in `call'
  activerecord (4.2.6) lib/active_record/query_cache.rb:36:in `call'
  activerecord (4.2.6) lib/active_record/connection_adapters/abstract/connection_pool.rb:653:in `call'
  activerecord (4.2.6) lib/active_record/migration.rb:377:in `call'
  actionpack (4.2.6) lib/action_dispatch/middleware/callbacks.rb:29:in `block in call'
  activesupport (4.2.6) lib/active_support/callbacks.rb:88:in `__run_callbacks__'
  activesupport (4.2.6) lib/active_support/callbacks.rb:778:in `_run_call_callbacks'
  activesupport (4.2.6) lib/active_support/callbacks.rb:81:in `run_callbacks'
  actionpack (4.2.6) lib/action_dispatch/middleware/callbacks.rb:27:in `call'
  actionpack (4.2.6) lib/action_dispatch/middleware/reloader.rb:73:in `call'
  actionpack (4.2.6) lib/action_dispatch/middleware/remote_ip.rb:78:in `call'
  actionpack (4.2.6) lib/action_dispatch/middleware/debug_exceptions.rb:17:in `call'
  web-console (2.3.0) lib/web_console/middleware.rb:28:in `block in call'
  web-console (2.3.0) lib/web_console/middleware.rb:18:in `catch'
  web-console (2.3.0) lib/web_console/middleware.rb:18:in `call'
  actionpack (4.2.6) lib/action_dispatch/middleware/show_exceptions.rb:30:in `call'
  railties (4.2.6) lib/rails/rack/logger.rb:38:in `call_app'
  railties (4.2.6) lib/rails/rack/logger.rb:20:in `block in call'
  activesupport (4.2.6) lib/active_support/tagged_logging.rb:68:in `block in tagged'
  activesupport (4.2.6) lib/active_support/tagged_logging.rb:26:in `tagged'
  activesupport (4.2.6) lib/active_support/tagged_logging.rb:68:in `tagged'
  railties (4.2.6) lib/rails/rack/logger.rb:20:in `call'
  actionpack (4.2.6) lib/action_dispatch/middleware/request_id.rb:21:in `call'
  rack (1.6.4) lib/rack/methodoverride.rb:22:in `call'
  rack (1.6.4) lib/rack/runtime.rb:18:in `call'
  activesupport (4.2.6) lib/active_support/cache/strategy/local_cache_middleware.rb:28:in `call'
  rack (1.6.4) lib/rack/lock.rb:17:in `call'
  actionpack (4.2.6) lib/action_dispatch/middleware/static.rb:120:in `call'
  rack (1.6.4) lib/rack/sendfile.rb:113:in `call'
  railties (4.2.6) lib/rails/engine.rb:518:in `call'
  railties (4.2.6) lib/rails/application.rb:165:in `call'
  rack (1.6.4) lib/rack/lock.rb:17:in `call'
  rack (1.6.4) lib/rack/content_length.rb:15:in `call'
  rack (1.6.4) lib/rack/handler/webrick.rb:88:in `service'
  /home/dave/.rvm/rubies/ruby-2.2.1/lib/ruby/2.2.0/webrick/httpserver.rb:138:in `service'
  /home/dave/.rvm/rubies/ruby-2.2.1/lib/ruby/2.2.0/webrick/httpserver.rb:94:in `run'
  /home/dave/.rvm/rubies/ruby-2.2.1/lib/ruby/2.2.0/webrick/server.rb:294:in `block in start_thread'


  Rendered /home/dave/.rvm/gems/ruby-2.2.1/gems/actionpack-4.2.6/lib/action_dispatch/middleware/templates/rescues/_trace.html.erb (3.0ms)
  Rendered /home/dave/.rvm/gems/ruby-2.2.1/gems/actionpack-4.2.6/lib/action_dispatch/middleware/templates/routes/_route.html.erb (1.6ms)
  Rendered /home/dave/.rvm/gems/ruby-2.2.1/gems/actionpack-4.2.6/lib/action_dispatch/middleware/templates/routes/_table.html.erb (10.8ms)
  Rendered /home/dave/.rvm/gems/ruby-2.2.1/gems/actionpack-4.2.6/lib/action_dispatch/middleware/templates/rescues/_request_and_response.html.erb (1.9ms)
  Rendered /home/dave/.rvm/gems/ruby-2.2.1/gems/actionpack-4.2.6/lib/action_dispatch/middleware/templates/rescues/routing_error.html.erb within rescues/layout (123.0ms)
  Rendered /home/dave/.rvm/gems/ruby-2.2.1/gems/web-console-2.3.0/lib/web_console/templates/_markup.html.erb (0.6ms)
  Rendered /home/dave/.rvm/gems/ruby-2.2.1/gems/web-console-2.3.0/lib/web_console/templates/_inner_console_markup.html.erb within layouts/inlined_string (0.5ms)
  Rendered /home/dave/.rvm/gems/ruby-2.2.1/gems/web-console-2.3.0/lib/web_console/templates/_prompt_box_markup.html.erb within layouts/inlined_string (0.6ms)
  Rendered /home/dave/.rvm/gems/ruby-2.2.1/gems/web-console-2.3.0/lib/web_console/templates/style.css.erb within layouts/inlined_string (0.5ms)
  Rendered /home/dave/.rvm/gems/ruby-2.2.1/gems/web-console-2.3.0/lib/web_console/templates/console.js.erb within layouts/javascript (22.2ms)
  Rendered /home/dave/.rvm/gems/ruby-2.2.1/gems/web-console-2.3.0/lib/web_console/templates/main.js.erb within layouts/javascript (0.4ms)
  Rendered /home/dave/.rvm/gems/ruby-2.2.1/gems/web-console-2.3.0/lib/web_console/templates/error_page.js.erb within layouts/javascript (0.5ms)
  Rendered /home/dave/.rvm/gems/ruby-2.2.1/gems/web-console-2.3.0/lib/web_console/templates/index.html.erb (44.3ms)


Started GET "/" for 127.0.0.1 at 2016-05-17 22:52:04 -0400
  [1m[36mActiveRecord::SchemaMigration Load (0.2ms)[0m  [1mSELECT "schema_migrations".* FROM "schema_migrations"[0m
Processing by Rails::WelcomeController#index as HTML
  Rendered /home/dave/.rvm/gems/ruby-2.2.1/gems/railties-4.2.6/lib/rails/templates/rails/welcome/index.html.erb (2.7ms)
Completed 200 OK in 111ms (Views: 94.1ms | ActiveRecord: 0.0ms)


Started GET "/restaurants" for 127.0.0.1 at 2016-05-17 22:59:15 -0400
Processing by RestaurantsController#index as HTML
  Rendered restaurants/index.html.erb within layouts/application (6.9ms)
Completed 500 Internal Server Error in 15ms (ActiveRecord: 0.0ms)

ActionView::Template::Error (undefined method `each' for nil:NilClass):
    1: <h1>Restaurants</h1>
    2: 
    3: <% @restaurants.each do |restaurant| %>
    4:   <p>
    5:     <%= link_to(restaurant.name, restaurant_path(restaurant)) %>
    6:   </p>
  app/views/restaurants/index.html.erb:3:in `_app_views_restaurants_index_html_erb__4509191152802025026_32284060'


  Rendered /home/dave/.rvm/gems/ruby-2.2.1/gems/actionpack-4.2.6/lib/action_dispatch/middleware/templates/rescues/_source.erb (9.1ms)
  Rendered /home/dave/.rvm/gems/ruby-2.2.1/gems/actionpack-4.2.6/lib/action_dispatch/middleware/templates/rescues/_trace.html.erb (3.6ms)
  Rendered /home/dave/.rvm/gems/ruby-2.2.1/gems/actionpack-4.2.6/lib/action_dispatch/middleware/templates/rescues/_request_and_response.html.erb (1.2ms)
  Rendered /home/dave/.rvm/gems/ruby-2.2.1/gems/actionpack-4.2.6/lib/action_dispatch/middleware/templates/rescues/template_error.html.erb within rescues/layout (30.4ms)
  Rendered /home/dave/.rvm/gems/ruby-2.2.1/gems/web-console-2.3.0/lib/web_console/templates/_markup.html.erb (0.5ms)
  Rendered /home/dave/.rvm/gems/ruby-2.2.1/gems/web-console-2.3.0/lib/web_console/templates/_inner_console_markup.html.erb within layouts/inlined_string (0.4ms)
  Rendered /home/dave/.rvm/gems/ruby-2.2.1/gems/web-console-2.3.0/lib/web_console/templates/_prompt_box_markup.html.erb within layouts/inlined_string (0.4ms)
  Rendered /home/dave/.rvm/gems/ruby-2.2.1/gems/web-console-2.3.0/lib/web_console/templates/style.css.erb within layouts/inlined_string (0.4ms)
  Rendered /home/dave/.rvm/gems/ruby-2.2.1/gems/web-console-2.3.0/lib/web_console/templates/console.js.erb within layouts/javascript (25.0ms)
  Rendered /home/dave/.rvm/gems/ruby-2.2.1/gems/web-console-2.3.0/lib/web_console/templates/main.js.erb within layouts/javascript (0.4ms)
  Rendered /home/dave/.rvm/gems/ruby-2.2.1/gems/web-console-2.3.0/lib/web_console/templates/error_page.js.erb within layouts/javascript (0.6ms)
  Rendered /home/dave/.rvm/gems/ruby-2.2.1/gems/web-console-2.3.0/lib/web_console/templates/index.html.erb (47.8ms)


Started GET "/restaurants" for 127.0.0.1 at 2016-05-17 23:00:56 -0400
Processing by RestaurantsController#index as HTML
  [1m[35mRestaurant Load (0.6ms)[0m  SELECT "restaurants".* FROM "restaurants"
  Rendered restaurants/index.html.erb within layouts/application (2.6ms)
Completed 200 OK in 1645ms (Views: 1641.6ms | ActiveRecord: 0.8ms)


Started GET "/assets/application.self-e80e8f2318043e8af94dddc2adad5a4f09739a8ebb323b3ab31cd71d45fd9113.css?body=1" for 127.0.0.1 at 2016-05-17 23:00:58 -0400


Started GET "/assets/jquery.self-660adc51e0224b731d29f575a6f1ec167ba08ad06ed5deca4f1e8654c135bf4c.js?body=1" for 127.0.0.1 at 2016-05-17 23:00:58 -0400


Started GET "/assets/turbolinks.self-c37727e9bd6b2735da5c311aa83fead54ed0be6cc8bd9a65309e9c5abe2cbfff.js?body=1" for 127.0.0.1 at 2016-05-17 23:00:58 -0400


Started GET "/assets/jquery_ujs.self-e87806d0cf4489aeb1bb7288016024e8de67fd18db693fe026fe3907581e53cd.js?body=1" for 127.0.0.1 at 2016-05-17 23:00:58 -0400


Started GET "/assets/application.self-3b8dabdc891efe46b9a144b400ad69e37d7e5876bdc39dee783419a69d7ca819.js?body=1" for 127.0.0.1 at 2016-05-17 23:00:58 -0400
  [1m[36m (0.2ms)[0m  [1mbegin transaction[0m
  [1m[35mSQL (78.1ms)[0m  INSERT INTO "restaurants" ("name", "street", "city", "state", "country", "postal_code", "created_at", "updated_at") VALUES (?, ?, ?, ?, ?, ?, ?, ?)  [["name", "The Good Steer"], ["street", "2810 Middle County Rd"], ["city", "Lake Grove"], ["state", "NY"], ["country", "USA"], ["postal_code", "11755"], ["created_at", "2016-05-18 03:30:07.897037"], ["updated_at", "2016-05-18 03:30:07.897037"]]
  [1m[36m (140.9ms)[0m  [1mcommit transaction[0m


Started GET "/restaurants" for 127.0.0.1 at 2016-05-17 23:30:18 -0400
Processing by RestaurantsController#index as HTML
  [1m[36mRestaurant Load (0.5ms)[0m  [1mSELECT "restaurants".* FROM "restaurants"[0m
  Rendered restaurants/index.html.erb within layouts/application (12.2ms)
Completed 200 OK in 35ms (Views: 30.5ms | ActiveRecord: 1.0ms)


Started GET "/assets/jquery.self-660adc51e0224b731d29f575a6f1ec167ba08ad06ed5deca4f1e8654c135bf4c.js?body=1" for 127.0.0.1 at 2016-05-17 23:30:18 -0400


Started GET "/assets/jquery_ujs.self-e87806d0cf4489aeb1bb7288016024e8de67fd18db693fe026fe3907581e53cd.js?body=1" for 127.0.0.1 at 2016-05-17 23:30:18 -0400


Started GET "/assets/application.self-e80e8f2318043e8af94dddc2adad5a4f09739a8ebb323b3ab31cd71d45fd9113.css?body=1" for 127.0.0.1 at 2016-05-17 23:30:18 -0400


Started GET "/assets/turbolinks.self-c37727e9bd6b2735da5c311aa83fead54ed0be6cc8bd9a65309e9c5abe2cbfff.js?body=1" for 127.0.0.1 at 2016-05-17 23:30:18 -0400


Started GET "/assets/application.self-3b8dabdc891efe46b9a144b400ad69e37d7e5876bdc39dee783419a69d7ca819.js?body=1" for 127.0.0.1 at 2016-05-17 23:30:18 -0400


Started GET "/restaurants/1" for 127.0.0.1 at 2016-05-17 23:30:20 -0400
Processing by RestaurantsController#show as HTML
  Parameters: {"id"=>"1"}
  [1m[35mRestaurant Load (0.4ms)[0m  SELECT  "restaurants".* FROM "restaurants" WHERE "restaurants"."id" = ? LIMIT 1  [["id", 1]]
  Rendered restaurants/show.html.erb within layouts/application (0.5ms)
Completed 200 OK in 34ms (Views: 19.0ms | ActiveRecord: 0.4ms)
  [1m[35m (0.2ms)[0m  begin transaction
  [1m[36mSQL (0.4ms)[0m  [1mINSERT INTO "restaurants" ("name", "street", "city", "state", "country", "postal_code", "created_at", "updated_at") VALUES (?, ?, ?, ?, ?, ?, ?, ?)[0m  [["name", "On The Border"], ["street", "45 Middle Ave"], ["city", "Holtsville"], ["state", "NY"], ["country", "USA"], ["postal_code", "11742"], ["created_at", "2016-05-18 03:33:31.894776"], ["updated_at", "2016-05-18 03:33:31.894776"]]
  [1m[35m (177.6ms)[0m  commit transaction


Started GET "/restaurants" for 127.0.0.1 at 2016-05-17 23:39:01 -0400
Processing by RestaurantsController#index as HTML
  [1m[36mRestaurant Load (0.3ms)[0m  [1mSELECT "restaurants".* FROM "restaurants"[0m
  Rendered restaurants/index.html.erb within layouts/application (2.0ms)
Completed 200 OK in 26ms (Views: 24.7ms | ActiveRecord: 0.3ms)


Started GET "/assets/application.self-e80e8f2318043e8af94dddc2adad5a4f09739a8ebb323b3ab31cd71d45fd9113.css?body=1" for 127.0.0.1 at 2016-05-17 23:39:01 -0400


Started GET "/assets/jquery.self-660adc51e0224b731d29f575a6f1ec167ba08ad06ed5deca4f1e8654c135bf4c.js?body=1" for 127.0.0.1 at 2016-05-17 23:39:01 -0400


Started GET "/assets/jquery_ujs.self-e87806d0cf4489aeb1bb7288016024e8de67fd18db693fe026fe3907581e53cd.js?body=1" for 127.0.0.1 at 2016-05-17 23:39:01 -0400


Started GET "/assets/application.self-3b8dabdc891efe46b9a144b400ad69e37d7e5876bdc39dee783419a69d7ca819.js?body=1" for 127.0.0.1 at 2016-05-17 23:39:01 -0400


Started GET "/assets/turbolinks.self-c37727e9bd6b2735da5c311aa83fead54ed0be6cc8bd9a65309e9c5abe2cbfff.js?body=1" for 127.0.0.1 at 2016-05-17 23:39:01 -0400


Started GET "/restaurants/1" for 127.0.0.1 at 2016-05-17 23:39:03 -0400
Processing by RestaurantsController#show as HTML
  Parameters: {"id"=>"1"}
  [1m[35mRestaurant Load (0.2ms)[0m  SELECT  "restaurants".* FROM "restaurants" WHERE "restaurants"."id" = ? LIMIT 1  [["id", 1]]
  Rendered restaurants/show.html.erb within layouts/application (1.1ms)
Completed 200 OK in 21ms (Views: 19.1ms | ActiveRecord: 0.2ms)


Started GET "/restaurants/2" for 127.0.0.1 at 2016-05-17 23:39:07 -0400
Processing by RestaurantsController#show as HTML
  Parameters: {"id"=>"2"}
  [1m[36mRestaurant Load (0.2ms)[0m  [1mSELECT  "restaurants".* FROM "restaurants" WHERE "restaurants"."id" = ? LIMIT 1[0m  [["id", 2]]
  Rendered restaurants/show.html.erb within layouts/application (0.2ms)
Completed 200 OK in 26ms (Views: 24.0ms | ActiveRecord: 0.2ms)


Started GET "/restaurants/2" for 127.0.0.1 at 2016-05-17 23:39:10 -0400
Processing by RestaurantsController#show as HTML
  Parameters: {"id"=>"2"}
  [1m[35mRestaurant Load (0.2ms)[0m  SELECT  "restaurants".* FROM "restaurants" WHERE "restaurants"."id" = ? LIMIT 1  [["id", 2]]
  Rendered restaurants/show.html.erb within layouts/application (1.2ms)
Completed 200 OK in 26ms (Views: 23.8ms | ActiveRecord: 0.2ms)


Started GET "/assets/jquery.self-660adc51e0224b731d29f575a6f1ec167ba08ad06ed5deca4f1e8654c135bf4c.js?body=1" for 127.0.0.1 at 2016-05-17 23:39:10 -0400


Started GET "/assets/application.self-e80e8f2318043e8af94dddc2adad5a4f09739a8ebb323b3ab31cd71d45fd9113.css?body=1" for 127.0.0.1 at 2016-05-17 23:39:10 -0400


Started GET "/assets/jquery_ujs.self-e87806d0cf4489aeb1bb7288016024e8de67fd18db693fe026fe3907581e53cd.js?body=1" for 127.0.0.1 at 2016-05-17 23:39:10 -0400


Started GET "/assets/turbolinks.self-c37727e9bd6b2735da5c311aa83fead54ed0be6cc8bd9a65309e9c5abe2cbfff.js?body=1" for 127.0.0.1 at 2016-05-17 23:39:10 -0400


Started GET "/assets/application.self-3b8dabdc891efe46b9a144b400ad69e37d7e5876bdc39dee783419a69d7ca819.js?body=1" for 127.0.0.1 at 2016-05-17 23:39:10 -0400


Started GET "/restaurants" for 127.0.0.1 at 2016-05-18 13:50:45 -0400
  [1m[36mActiveRecord::SchemaMigration Load (0.2ms)[0m  [1mSELECT "schema_migrations".* FROM "schema_migrations"[0m
Processing by RestaurantsController#index as HTML
  [1m[35mRestaurant Load (0.2ms)[0m  SELECT "restaurants".* FROM "restaurants"
  Rendered restaurants/index.html.erb within layouts/application (14.0ms)
Completed 200 OK in 515ms (Views: 489.0ms | ActiveRecord: 0.8ms)


Started GET "/restaurants/new" for 127.0.0.1 at 2016-05-18 13:50:50 -0400
Processing by RestaurantsController#new as HTML
  Rendered restaurants/new.html.erb within layouts/application (21.0ms)
Completed 500 Internal Server Error in 26ms (ActiveRecord: 0.0ms)

ActionView::Template::Error (First argument in form cannot contain nil or be empty):
    1: <h1>Add Restaurant</h1>
    2: 
    3: <%= form_for @restaurant, url: {action: :create} do |f| %>
    4:   <p>
    5:     <%= f.label :name %>
    6:     <%= f.text_field :name %>
  app/views/restaurants/new.html.erb:3:in `_app_views_restaurants_new_html_erb___4169395967777279679_43756560'


  Rendered /home/dave/.rvm/gems/ruby-2.2.1/gems/actionpack-4.2.6/lib/action_dispatch/middleware/templates/rescues/_source.erb (9.1ms)
  Rendered /home/dave/.rvm/gems/ruby-2.2.1/gems/actionpack-4.2.6/lib/action_dispatch/middleware/templates/rescues/_trace.html.erb (3.6ms)
  Rendered /home/dave/.rvm/gems/ruby-2.2.1/gems/actionpack-4.2.6/lib/action_dispatch/middleware/templates/rescues/_request_and_response.html.erb (1.3ms)
  Rendered /home/dave/.rvm/gems/ruby-2.2.1/gems/actionpack-4.2.6/lib/action_dispatch/middleware/templates/rescues/template_error.html.erb within rescues/layout (34.4ms)
  Rendered /home/dave/.rvm/gems/ruby-2.2.1/gems/web-console-2.3.0/lib/web_console/templates/_markup.html.erb (0.5ms)
  Rendered /home/dave/.rvm/gems/ruby-2.2.1/gems/web-console-2.3.0/lib/web_console/templates/_inner_console_markup.html.erb within layouts/inlined_string (0.4ms)
  Rendered /home/dave/.rvm/gems/ruby-2.2.1/gems/web-console-2.3.0/lib/web_console/templates/_prompt_box_markup.html.erb within layouts/inlined_string (0.4ms)
  Rendered /home/dave/.rvm/gems/ruby-2.2.1/gems/web-console-2.3.0/lib/web_console/templates/style.css.erb within layouts/inlined_string (0.6ms)
  Rendered /home/dave/.rvm/gems/ruby-2.2.1/gems/web-console-2.3.0/lib/web_console/templates/console.js.erb within layouts/javascript (125.3ms)
  Rendered /home/dave/.rvm/gems/ruby-2.2.1/gems/web-console-2.3.0/lib/web_console/templates/main.js.erb within layouts/javascript (0.5ms)
  Rendered /home/dave/.rvm/gems/ruby-2.2.1/gems/web-console-2.3.0/lib/web_console/templates/error_page.js.erb within layouts/javascript (1.0ms)
  Rendered /home/dave/.rvm/gems/ruby-2.2.1/gems/web-console-2.3.0/lib/web_console/templates/index.html.erb (173.4ms)


Started GET "/restaurants/new" for 127.0.0.1 at 2016-05-18 13:50:51 -0400
Processing by RestaurantsController#new as HTML
  Rendered restaurants/new.html.erb within layouts/application (5.3ms)
Completed 500 Internal Server Error in 9ms (ActiveRecord: 0.0ms)

ActionView::Template::Error (First argument in form cannot contain nil or be empty):
    1: <h1>Add Restaurant</h1>
    2: 
    3: <%= form_for @restaurant, url: {action: :create} do |f| %>
    4:   <p>
    5:     <%= f.label :name %>
    6:     <%= f.text_field :name %>
  app/views/restaurants/new.html.erb:3:in `_app_views_restaurants_new_html_erb___4169395967777279679_69813539914620'


  Rendered /home/dave/.rvm/gems/ruby-2.2.1/gems/actionpack-4.2.6/lib/action_dispatch/middleware/templates/rescues/_source.erb (18.6ms)
  Rendered /home/dave/.rvm/gems/ruby-2.2.1/gems/actionpack-4.2.6/lib/action_dispatch/middleware/templates/rescues/_trace.html.erb (3.9ms)
  Rendered /home/dave/.rvm/gems/ruby-2.2.1/gems/actionpack-4.2.6/lib/action_dispatch/middleware/templates/rescues/_request_and_response.html.erb (1.3ms)
  Rendered /home/dave/.rvm/gems/ruby-2.2.1/gems/actionpack-4.2.6/lib/action_dispatch/middleware/templates/rescues/template_error.html.erb within rescues/layout (41.2ms)
  Rendered /home/dave/.rvm/gems/ruby-2.2.1/gems/web-console-2.3.0/lib/web_console/templates/_markup.html.erb (0.5ms)
  Rendered /home/dave/.rvm/gems/ruby-2.2.1/gems/web-console-2.3.0/lib/web_console/templates/_inner_console_markup.html.erb within layouts/inlined_string (0.5ms)
  Rendered /home/dave/.rvm/gems/ruby-2.2.1/gems/web-console-2.3.0/lib/web_console/templates/_prompt_box_markup.html.erb within layouts/inlined_string (0.4ms)
  Rendered /home/dave/.rvm/gems/ruby-2.2.1/gems/web-console-2.3.0/lib/web_console/templates/style.css.erb within layouts/inlined_string (0.4ms)
  Rendered /home/dave/.rvm/gems/ruby-2.2.1/gems/web-console-2.3.0/lib/web_console/templates/console.js.erb within layouts/javascript (20.8ms)
  Rendered /home/dave/.rvm/gems/ruby-2.2.1/gems/web-console-2.3.0/lib/web_console/templates/main.js.erb within layouts/javascript (0.6ms)
  Rendered /home/dave/.rvm/gems/ruby-2.2.1/gems/web-console-2.3.0/lib/web_console/templates/error_page.js.erb within layouts/javascript (0.6ms)
  Rendered /home/dave/.rvm/gems/ruby-2.2.1/gems/web-console-2.3.0/lib/web_console/templates/index.html.erb (42.2ms)


Started GET "/restaurants/new" for 127.0.0.1 at 2016-05-18 13:53:34 -0400
Processing by RestaurantsController#new as HTML
  Rendered restaurants/new.html.erb within layouts/application (127.8ms)
Completed 200 OK in 166ms (Views: 156.2ms | ActiveRecord: 0.7ms)


Started GET "/" for 127.0.0.1 at 2016-05-19 23:22:09 -0400
  [1m[36mActiveRecord::SchemaMigration Load (0.2ms)[0m  [1mSELECT "schema_migrations".* FROM "schema_migrations"[0m
Processing by Rails::WelcomeController#index as HTML
  Rendered /home/dave/.rvm/gems/ruby-2.2.1/gems/railties-4.2.6/lib/rails/templates/rails/welcome/index.html.erb (8.5ms)
Completed 200 OK in 115ms (Views: 76.2ms | ActiveRecord: 0.0ms)


Started GET "/restaurants" for 127.0.0.1 at 2016-05-19 23:22:13 -0400
Processing by RestaurantsController#index as HTML
  [1m[35mRestaurant Load (0.4ms)[0m  SELECT "restaurants".* FROM "restaurants"
  Rendered restaurants/index.html.erb within layouts/application (20.4ms)
Completed 200 OK in 640ms (Views: 636.4ms | ActiveRecord: 1.4ms)


Started GET "/restaurants/new" for 127.0.0.1 at 2016-05-19 23:22:19 -0400
Processing by RestaurantsController#new as HTML
  Rendered restaurants/new.html.erb within layouts/application (124.2ms)
Completed 200 OK in 148ms (Views: 147.1ms | ActiveRecord: 0.0ms)


Started POST "/restaurants" for 127.0.0.1 at 2016-05-19 23:22:59 -0400

AbstractController::ActionNotFound (The action 'create' could not be found for RestaurantsController):
  actionpack (4.2.6) lib/abstract_controller/base.rb:132:in `process'
  actionview (4.2.6) lib/action_view/rendering.rb:30:in `process'
  actionpack (4.2.6) lib/action_controller/metal.rb:196:in `dispatch'
  actionpack (4.2.6) lib/action_controller/metal/rack_delegation.rb:13:in `dispatch'
  actionpack (4.2.6) lib/action_controller/metal.rb:237:in `block in action'
  actionpack (4.2.6) lib/action_dispatch/routing/route_set.rb:74:in `call'
  actionpack (4.2.6) lib/action_dispatch/routing/route_set.rb:74:in `dispatch'
  actionpack (4.2.6) lib/action_dispatch/routing/route_set.rb:43:in `serve'
  actionpack (4.2.6) lib/action_dispatch/journey/router.rb:43:in `block in serve'
  actionpack (4.2.6) lib/action_dispatch/journey/router.rb:30:in `each'
  actionpack (4.2.6) lib/action_dispatch/journey/router.rb:30:in `serve'
  actionpack (4.2.6) lib/action_dispatch/routing/route_set.rb:817:in `call'
  rack (1.6.4) lib/rack/etag.rb:24:in `call'
  rack (1.6.4) lib/rack/conditionalget.rb:38:in `call'
  rack (1.6.4) lib/rack/head.rb:13:in `call'
  actionpack (4.2.6) lib/action_dispatch/middleware/params_parser.rb:27:in `call'
  actionpack (4.2.6) lib/action_dispatch/middleware/flash.rb:260:in `call'
  rack (1.6.4) lib/rack/session/abstract/id.rb:225:in `context'
  rack (1.6.4) lib/rack/session/abstract/id.rb:220:in `call'
  actionpack (4.2.6) lib/action_dispatch/middleware/cookies.rb:560:in `call'
  activerecord (4.2.6) lib/active_record/query_cache.rb:36:in `call'
  activerecord (4.2.6) lib/active_record/connection_adapters/abstract/connection_pool.rb:653:in `call'
  activerecord (4.2.6) lib/active_record/migration.rb:377:in `call'
  actionpack (4.2.6) lib/action_dispatch/middleware/callbacks.rb:29:in `block in call'
  activesupport (4.2.6) lib/active_support/callbacks.rb:88:in `__run_callbacks__'
  activesupport (4.2.6) lib/active_support/callbacks.rb:778:in `_run_call_callbacks'
  activesupport (4.2.6) lib/active_support/callbacks.rb:81:in `run_callbacks'
  actionpack (4.2.6) lib/action_dispatch/middleware/callbacks.rb:27:in `call'
  actionpack (4.2.6) lib/action_dispatch/middleware/reloader.rb:73:in `call'
  actionpack (4.2.6) lib/action_dispatch/middleware/remote_ip.rb:78:in `call'
  actionpack (4.2.6) lib/action_dispatch/middleware/debug_exceptions.rb:17:in `call'
  web-console (2.3.0) lib/web_console/middleware.rb:28:in `block in call'
  web-console (2.3.0) lib/web_console/middleware.rb:18:in `catch'
  web-console (2.3.0) lib/web_console/middleware.rb:18:in `call'
  actionpack (4.2.6) lib/action_dispatch/middleware/show_exceptions.rb:30:in `call'
  railties (4.2.6) lib/rails/rack/logger.rb:38:in `call_app'
  railties (4.2.6) lib/rails/rack/logger.rb:20:in `block in call'
  activesupport (4.2.6) lib/active_support/tagged_logging.rb:68:in `block in tagged'
  activesupport (4.2.6) lib/active_support/tagged_logging.rb:26:in `tagged'
  activesupport (4.2.6) lib/active_support/tagged_logging.rb:68:in `tagged'
  railties (4.2.6) lib/rails/rack/logger.rb:20:in `call'
  actionpack (4.2.6) lib/action_dispatch/middleware/request_id.rb:21:in `call'
  rack (1.6.4) lib/rack/methodoverride.rb:22:in `call'
  rack (1.6.4) lib/rack/runtime.rb:18:in `call'
  activesupport (4.2.6) lib/active_support/cache/strategy/local_cache_middleware.rb:28:in `call'
  rack (1.6.4) lib/rack/lock.rb:17:in `call'
  actionpack (4.2.6) lib/action_dispatch/middleware/static.rb:120:in `call'
  rack (1.6.4) lib/rack/sendfile.rb:113:in `call'
  railties (4.2.6) lib/rails/engine.rb:518:in `call'
  railties (4.2.6) lib/rails/application.rb:165:in `call'
  rack (1.6.4) lib/rack/lock.rb:17:in `call'
  rack (1.6.4) lib/rack/content_length.rb:15:in `call'
  rack (1.6.4) lib/rack/handler/webrick.rb:88:in `service'
  /home/dave/.rvm/rubies/ruby-2.2.1/lib/ruby/2.2.0/webrick/httpserver.rb:138:in `service'
  /home/dave/.rvm/rubies/ruby-2.2.1/lib/ruby/2.2.0/webrick/httpserver.rb:94:in `run'
  /home/dave/.rvm/rubies/ruby-2.2.1/lib/ruby/2.2.0/webrick/server.rb:294:in `block in start_thread'


  Rendered /home/dave/.rvm/gems/ruby-2.2.1/gems/actionpack-4.2.6/lib/action_dispatch/middleware/templates/rescues/unknown_action.html.erb within rescues/layout (1.0ms)
  Rendered /home/dave/.rvm/gems/ruby-2.2.1/gems/web-console-2.3.0/lib/web_console/templates/_markup.html.erb (0.8ms)
  Rendered /home/dave/.rvm/gems/ruby-2.2.1/gems/web-console-2.3.0/lib/web_console/templates/_inner_console_markup.html.erb within layouts/inlined_string (0.6ms)
  Rendered /home/dave/.rvm/gems/ruby-2.2.1/gems/web-console-2.3.0/lib/web_console/templates/_prompt_box_markup.html.erb within layouts/inlined_string (0.8ms)
  Rendered /home/dave/.rvm/gems/ruby-2.2.1/gems/web-console-2.3.0/lib/web_console/templates/style.css.erb within layouts/inlined_string (0.6ms)
  Rendered /home/dave/.rvm/gems/ruby-2.2.1/gems/web-console-2.3.0/lib/web_console/templates/console.js.erb within layouts/javascript (33.4ms)
  Rendered /home/dave/.rvm/gems/ruby-2.2.1/gems/web-console-2.3.0/lib/web_console/templates/main.js.erb within layouts/javascript (0.5ms)
  Rendered /home/dave/.rvm/gems/ruby-2.2.1/gems/web-console-2.3.0/lib/web_console/templates/error_page.js.erb within layouts/javascript (0.7ms)
  Rendered /home/dave/.rvm/gems/ruby-2.2.1/gems/web-console-2.3.0/lib/web_console/templates/index.html.erb (94.4ms)


Started POST "/restaurants" for 127.0.0.1 at 2016-05-19 23:24:58 -0400
Processing by RestaurantsController#create as HTML
  Parameters: {"utf8"=>"✓", "authenticity_token"=>"lg2ctnAR4AmAh/hL4rWT4KUN6G97DWNGJ8/i57rypt267U1aVi8FQrXEz4RyKubE9zylF6dtIkfFjx2QXRbecg==", "restaurant"=>{"name"=>"Wendy's", "street"=>"259 Middle Country Rd.", "city"=>"Selden", "state"=>"New York", "country"=>"United States", "postal_code"=>"11784"}, "commit"=>"Create Restaurant"}
Completed 500 Internal Server Error in 8ms (ActiveRecord: 0.0ms)

NameError (undefined local variable or method `restaurant_params' for #<RestaurantsController:0x007f28be827358>):
  app/controllers/restaurants_controller.rb:15:in `create'


  Rendered /home/dave/.rvm/gems/ruby-2.2.1/gems/actionpack-4.2.6/lib/action_dispatch/middleware/templates/rescues/_source.erb (13.9ms)
  Rendered /home/dave/.rvm/gems/ruby-2.2.1/gems/actionpack-4.2.6/lib/action_dispatch/middleware/templates/rescues/_trace.html.erb (5.2ms)
  Rendered /home/dave/.rvm/gems/ruby-2.2.1/gems/actionpack-4.2.6/lib/action_dispatch/middleware/templates/rescues/_request_and_response.html.erb (2.0ms)
  Rendered /home/dave/.rvm/gems/ruby-2.2.1/gems/actionpack-4.2.6/lib/action_dispatch/middleware/templates/rescues/diagnostics.html.erb within rescues/layout (78.3ms)
  Rendered /home/dave/.rvm/gems/ruby-2.2.1/gems/web-console-2.3.0/lib/web_console/templates/_markup.html.erb (0.9ms)
  Rendered /home/dave/.rvm/gems/ruby-2.2.1/gems/web-console-2.3.0/lib/web_console/templates/_inner_console_markup.html.erb within layouts/inlined_string (0.8ms)
  Rendered /home/dave/.rvm/gems/ruby-2.2.1/gems/web-console-2.3.0/lib/web_console/templates/_prompt_box_markup.html.erb within layouts/inlined_string (1.2ms)
  Rendered /home/dave/.rvm/gems/ruby-2.2.1/gems/web-console-2.3.0/lib/web_console/templates/style.css.erb within layouts/inlined_string (1.4ms)
  Rendered /home/dave/.rvm/gems/ruby-2.2.1/gems/web-console-2.3.0/lib/web_console/templates/console.js.erb within layouts/javascript (23.8ms)
  Rendered /home/dave/.rvm/gems/ruby-2.2.1/gems/web-console-2.3.0/lib/web_console/templates/main.js.erb within layouts/javascript (0.4ms)
  Rendered /home/dave/.rvm/gems/ruby-2.2.1/gems/web-console-2.3.0/lib/web_console/templates/error_page.js.erb within layouts/javascript (1.5ms)
  Rendered /home/dave/.rvm/gems/ruby-2.2.1/gems/web-console-2.3.0/lib/web_console/templates/index.html.erb (47.4ms)


Started POST "/restaurants" for 127.0.0.1 at 2016-05-19 23:27:20 -0400
Processing by RestaurantsController#create as HTML
  Parameters: {"utf8"=>"✓", "authenticity_token"=>"lg2ctnAR4AmAh/hL4rWT4KUN6G97DWNGJ8/i57rypt267U1aVi8FQrXEz4RyKubE9zylF6dtIkfFjx2QXRbecg==", "restaurant"=>{"name"=>"Wendy's", "street"=>"259 Middle Country Rd.", "city"=>"Selden", "state"=>"New York", "country"=>"United States", "postal_code"=>"11784"}, "commit"=>"Create Restaurant"}
  [1m[36m (1.1ms)[0m  [1mbegin transaction[0m
  [1m[35mSQL (124.5ms)[0m  INSERT INTO "restaurants" ("name", "street", "city", "state", "country", "postal_code", "created_at", "updated_at") VALUES (?, ?, ?, ?, ?, ?, ?, ?)  [["name", "Wendy's"], ["street", "259 Middle Country Rd."], ["city", "Selden"], ["state", "New York"], ["country", "United States"], ["postal_code", "11784"], ["created_at", "2016-05-20 03:27:20.778079"], ["updated_at", "2016-05-20 03:27:20.778079"]]
  [1m[36m (105.5ms)[0m  [1mcommit transaction[0m
Redirected to http://localhost:3000/restaurants
Completed 302 Found in 337ms (ActiveRecord: 232.0ms)


Started GET "/restaurants" for 127.0.0.1 at 2016-05-19 23:27:21 -0400
Processing by RestaurantsController#index as HTML
  [1m[35mRestaurant Load (0.4ms)[0m  SELECT "restaurants".* FROM "restaurants"
  Rendered restaurants/index.html.erb within layouts/application (2.7ms)
Completed 200 OK in 30ms (Views: 28.3ms | ActiveRecord: 0.4ms)


Started GET "/restaurants" for 127.0.0.1 at 2016-05-19 23:55:40 -0400
Processing by RestaurantsController#index as HTML
  [1m[36mRestaurant Load (0.3ms)[0m  [1mSELECT "restaurants".* FROM "restaurants"[0m
  Rendered restaurants/index.html.erb within layouts/application (5.1ms)
Completed 200 OK in 39ms (Views: 37.0ms | ActiveRecord: 0.3ms)


Started GET "/assets/application.self-e80e8f2318043e8af94dddc2adad5a4f09739a8ebb323b3ab31cd71d45fd9113.css?body=1" for 127.0.0.1 at 2016-05-19 23:55:40 -0400


Started GET "/assets/jquery.self-660adc51e0224b731d29f575a6f1ec167ba08ad06ed5deca4f1e8654c135bf4c.js?body=1" for 127.0.0.1 at 2016-05-19 23:55:40 -0400


Started GET "/assets/turbolinks.self-c37727e9bd6b2735da5c311aa83fead54ed0be6cc8bd9a65309e9c5abe2cbfff.js?body=1" for 127.0.0.1 at 2016-05-19 23:55:40 -0400


Started GET "/assets/jquery_ujs.self-e87806d0cf4489aeb1bb7288016024e8de67fd18db693fe026fe3907581e53cd.js?body=1" for 127.0.0.1 at 2016-05-19 23:55:40 -0400


Started GET "/assets/application.self-3b8dabdc891efe46b9a144b400ad69e37d7e5876bdc39dee783419a69d7ca819.js?body=1" for 127.0.0.1 at 2016-05-19 23:55:40 -0400


Started GET "/restaurants/1/edit" for 127.0.0.1 at 2016-05-20 00:02:59 -0400
Processing by RestaurantsController#edit as HTML
  Parameters: {"id"=>"1"}
  [1m[35mRestaurant Load (0.4ms)[0m  SELECT  "restaurants".* FROM "restaurants" WHERE "restaurants"."id" = ? LIMIT 1  [["id", 1]]
  Rendered restaurants/edit.html.erb within layouts/application (15.0ms)
Completed 200 OK in 143ms (Views: 52.7ms | ActiveRecord: 1.4ms)


Started PATCH "/restaurants/1" for 127.0.0.1 at 2016-05-20 00:03:09 -0400
Processing by RestaurantsController#update as HTML
  Parameters: {"utf8"=>"✓", "authenticity_token"=>"fLep1Nf24DOZ5Q3/qqkiaLt+2Zw54i1JOCUtlcFukmJQV3g48cgFeKymOjA6NldM6U+U5OWCbEjaZdLiJorqzQ==", "restaurant"=>{"name"=>"The Good Steer", "street"=>"2810 Middle County Rd", "city"=>"Lake Grove", "state"=>"New York", "country"=>"USA", "postal_code"=>"11755"}, "commit"=>"Update Restaurant", "id"=>"1"}
  [1m[36mRestaurant Load (0.2ms)[0m  [1mSELECT  "restaurants".* FROM "restaurants" WHERE "restaurants"."id" = ? LIMIT 1[0m  [["id", 1]]
  [1m[35m (0.1ms)[0m  begin transaction
  [1m[36mSQL (0.5ms)[0m  [1mUPDATE "restaurants" SET "state" = ?, "updated_at" = ? WHERE "restaurants"."id" = ?[0m  [["state", "New York"], ["updated_at", "2016-05-20 04:03:09.792720"], ["id", 1]]
  [1m[35m (180.0ms)[0m  commit transaction
Redirected to http://localhost:3000/restaurants.1
Completed 302 Found in 192ms (ActiveRecord: 180.8ms)


Started GET "/restaurants.1" for 127.0.0.1 at 2016-05-20 00:03:10 -0400
Processing by RestaurantsController#index as 
  [1m[36mRestaurant Load (0.3ms)[0m  [1mSELECT "restaurants".* FROM "restaurants"[0m
  Rendered restaurants/index.html.erb within layouts/application (16.0ms)
Completed 200 OK in 47ms (Views: 44.2ms | ActiveRecord: 0.3ms)


Started GET "/restaurants/1" for 127.0.0.1 at 2016-05-20 00:05:31 -0400
Processing by RestaurantsController#show as HTML
  Parameters: {"id"=>"1"}
  [1m[35mRestaurant Load (0.3ms)[0m  SELECT  "restaurants".* FROM "restaurants" WHERE "restaurants"."id" = ? LIMIT 1  [["id", 1]]
  Rendered restaurants/show.html.erb within layouts/application (1.3ms)
Completed 200 OK in 44ms (Views: 27.2ms | ActiveRecord: 1.1ms)


Started GET "/restaurants/1/edit" for 127.0.0.1 at 2016-05-20 00:05:36 -0400
Processing by RestaurantsController#edit as HTML
  Parameters: {"id"=>"1"}
  [1m[36mRestaurant Load (0.2ms)[0m  [1mSELECT  "restaurants".* FROM "restaurants" WHERE "restaurants"."id" = ? LIMIT 1[0m  [["id", 1]]
  Rendered restaurants/edit.html.erb within layouts/application (11.1ms)
Completed 200 OK in 40ms (Views: 37.4ms | ActiveRecord: 0.2ms)


Started PATCH "/restaurants/1" for 127.0.0.1 at 2016-05-20 00:05:46 -0400
Processing by RestaurantsController#update as HTML
  Parameters: {"utf8"=>"✓", "authenticity_token"=>"2UhChIvTDV7GUlF+5JY5u/95Bs6DPBiBXU6TZ69PMz71qJNore3oFfMRZrF0CUyfrUhLtl9cWYC/DmwQSKtLkQ==", "restaurant"=>{"name"=>"The Good Steer", "street"=>"2810 Middle County Rd", "city"=>"Lake Grove", "state"=>"NY", "country"=>"USA", "postal_code"=>"11755"}, "commit"=>"Update Restaurant", "id"=>"1"}
  [1m[35mRestaurant Load (0.2ms)[0m  SELECT  "restaurants".* FROM "restaurants" WHERE "restaurants"."id" = ? LIMIT 1  [["id", 1]]
  [1m[36m (0.1ms)[0m  [1mbegin transaction[0m
  [1m[35mSQL (3.3ms)[0m  UPDATE "restaurants" SET "state" = ?, "updated_at" = ? WHERE "restaurants"."id" = ?  [["state", "NY"], ["updated_at", "2016-05-20 04:05:46.283024"], ["id", 1]]
  [1m[36m (190.5ms)[0m  [1mcommit transaction[0m
Redirected to http://localhost:3000/restaurants/1
Completed 302 Found in 204ms (ActiveRecord: 194.0ms)


Started GET "/restaurants/1" for 127.0.0.1 at 2016-05-20 00:05:46 -0400
Processing by RestaurantsController#show as HTML
  Parameters: {"id"=>"1"}
  [1m[35mRestaurant Load (0.2ms)[0m  SELECT  "restaurants".* FROM "restaurants" WHERE "restaurants"."id" = ? LIMIT 1  [["id", 1]]
  Rendered restaurants/show.html.erb within layouts/application (1.4ms)
Completed 200 OK in 27ms (Views: 25.4ms | ActiveRecord: 0.2ms)


Started GET "/restaurants.1" for 127.0.0.1 at 2016-05-20 00:07:40 -0400
Processing by RestaurantsController#index as 
  [1m[36mRestaurant Load (0.5ms)[0m  [1mSELECT "restaurants".* FROM "restaurants"[0m
  Rendered restaurants/index.html.erb within layouts/application (9.9ms)
Completed 200 OK in 33ms (Views: 29.3ms | ActiveRecord: 0.9ms)


Started DELETE "/restaurants/3" for 127.0.0.1 at 2016-05-20 00:07:47 -0400
Processing by RestaurantsController#destroy as HTML
  Parameters: {"authenticity_token"=>"VVFVH/GWzPfSlJpXjrl7DsLturdd7iLrfFKwbcQPeY15sYTz16gpvOfXrZgeJg4qkNz3z4GOY+qeEk8aI+sBIg==", "id"=>"3"}
  [1m[35mRestaurant Load (0.3ms)[0m  SELECT  "restaurants".* FROM "restaurants" WHERE "restaurants"."id" = ? LIMIT 1  [["id", 3]]
  [1m[36mSQL (94.8ms)[0m  [1mDELETE FROM "restaurants" WHERE "restaurants"."id" = ?[0m  [["id", 3]]
Redirected to http://localhost:3000/restaurants
Completed 302 Found in 104ms (ActiveRecord: 95.1ms)


Started GET "/restaurants" for 127.0.0.1 at 2016-05-20 00:07:47 -0400
Processing by RestaurantsController#index as HTML
  [1m[35mRestaurant Load (0.3ms)[0m  SELECT "restaurants".* FROM "restaurants"
  Rendered restaurants/index.html.erb within layouts/application (2.4ms)
Completed 200 OK in 21ms (Views: 20.0ms | ActiveRecord: 0.3ms)


Started GET "/restaurants/new" for 127.0.0.1 at 2016-05-20 00:07:50 -0400
Processing by RestaurantsController#new as HTML
  Rendered restaurants/new.html.erb within layouts/application (7.5ms)
Completed 200 OK in 31ms (Views: 29.5ms | ActiveRecord: 0.0ms)


Started POST "/restaurants" for 127.0.0.1 at 2016-05-20 00:07:59 -0400
Processing by RestaurantsController#create as HTML
  Parameters: {"utf8"=>"✓", "authenticity_token"=>"iPgYFxn8OzEKpnhk1i4q0ItW6tZskrKhZpPDXSe5zGWkGMn7P8Leej/lT6tGsV/02WenrrDy86CE0zwqwF20yg==", "restaurant"=>{"name"=>"Wendy's", "street"=>"259 Middle Country Rd.", "city"=>"Selden", "state"=>"New York", "country"=>"United States", "postal_code"=>"11784"}, "commit"=>"Create Restaurant"}
  [1m[36m (0.1ms)[0m  [1mbegin transaction[0m
  [1m[35mSQL (0.4ms)[0m  INSERT INTO "restaurants" ("name", "street", "city", "state", "country", "postal_code", "created_at", "updated_at") VALUES (?, ?, ?, ?, ?, ?, ?, ?)  [["name", "Wendy's"], ["street", "259 Middle Country Rd."], ["city", "Selden"], ["state", "New York"], ["country", "United States"], ["postal_code", "11784"], ["created_at", "2016-05-20 04:07:59.461353"], ["updated_at", "2016-05-20 04:07:59.461353"]]
  [1m[36m (197.4ms)[0m  [1mcommit transaction[0m
Redirected to http://localhost:3000/restaurants
Completed 302 Found in 203ms (ActiveRecord: 197.9ms)


Started GET "/restaurants" for 127.0.0.1 at 2016-05-20 00:07:59 -0400
Processing by RestaurantsController#index as HTML
  [1m[35mRestaurant Load (0.6ms)[0m  SELECT "restaurants".* FROM "restaurants"
  Rendered restaurants/index.html.erb within layouts/application (3.4ms)
Completed 200 OK in 25ms (Views: 22.6ms | ActiveRecord: 0.6ms)
